{"level":"INFO","message":"[7:06:34.579 PM]: Creating new connection object"}
{"level":"INFO","message":"[7:06:45.581 PM]: Creating new connection object"}
{"level":"INFO","message":"[7:12:18.594 PM]: Creating new connection object"}
{"level":"INFO","message":"[7:12:25.829 PM]: Creating new connection object"}
{"level":"INFO","message":"[7:12:29.422 PM]: Creating new connection object"}
{"level":"INFO","message":"[7:12:33.374 PM]: Creating new connection object"}
{"level":"INFO","message":"[7:25:10.406 PM]: Creating new connection object"}
{"level":"INFO","message":"[7:25:14.126 PM]: Creating new connection object"}
{"level":"INFO","message":"[7:25:42.048 PM]: Creating new connection object"}
{"level":"INFO","message":"[7:25:57.708 PM]: Creating new connection object"}
{"level":"INFO","message":"[7:25:57.730 PM]: Creating Connection[id: d3db05b8-134a-4217-b2cc-ea4e571ec601] with host: ng91230.snowflakecomputing.com, account: ng91230, accessUrl: https://ng91230.snowflakecomputing.com, user: VijayaReact, password is provided, role: ACCOUNTADMIN, database: EDW, schema: SC_EDW, warehouse: EDW_WH, region: undefined, authenticator: SNOWFLAKE, ocsp mode: FAIL_OPEN, os: win32, os version: 10.0.26100"}
{"level":"INFO","message":"[7:25:57.732 PM]: Connection[id: d3db05b8-134a-4217-b2cc-ea4e571ec601] additional details: passcode in password is provided, passcode is not provided, private key is not provided, application: undefined, client name: snowflake-sdk, client version: 1.15.0, retry timeout: 300, private key path: undefined, private key pass is not provided, client store temporary credential: false, browser response timeout: 120000"}
{"level":"INFO","message":"[7:25:57.733 PM]: Connection[id: d3db05b8-134a-4217-b2cc-ea4e571ec601] - connection object created successfully."}
{"level":"INFO","message":"[7:25:57.734 PM]: Connection[id: d3db05b8-134a-4217-b2cc-ea4e571ec601] - connecting. Associated Snowflake domain: GLOBAL"}
{"level":"INFO","message":"[7:25:57.736 PM]: Connection[id: d3db05b8-134a-4217-b2cc-ea4e571ec601] - authentication successful using: SNOWFLAKE"}
{"level":"INFO","message":"[7:25:57.737 PM]: Trying to initialize Easy Logging"}
{"level":"INFO","message":"[7:25:57.742 PM]: No client config detected."}
{"level":"INFO","message":"[7:25:57.744 PM]: No config file path found. Client config will not be used."}
{"level":"INFO","message":"[7:25:57.757 PM]: Easy Logging is disabled as no config has been found"}
{"level":"INFO","message":"[7:25:57.796 PM]: Connection[id: d3db05b8-134a-4217-b2cc-ea4e571ec601] - connected successfully after 62.24579999999969 milliseconds"}
{"level":"INFO","message":"[7:26:00.821 PM]: Creating new connection object"}
{"level":"INFO","message":"[7:26:00.825 PM]: Creating Connection[id: 38b502ec-3ae6-496c-b77e-60658ad3c909] with host: ng91230.snowflakecomputing.com, account: ng91230, accessUrl: https://ng91230.snowflakecomputing.com, user: VijayaReact, password is provided, role: ACCOUNTADMIN, database: EDW, schema: SC_EDW, warehouse: EDW_WH, region: undefined, authenticator: SNOWFLAKE, ocsp mode: FAIL_OPEN, os: win32, os version: 10.0.26100"}
{"level":"INFO","message":"[7:26:00.825 PM]: Connection[id: 38b502ec-3ae6-496c-b77e-60658ad3c909] additional details: passcode in password is provided, passcode is not provided, private key is not provided, application: undefined, client name: snowflake-sdk, client version: 1.15.0, retry timeout: 300, private key path: undefined, private key pass is not provided, client store temporary credential: false, browser response timeout: 120000"}
{"level":"INFO","message":"[7:26:00.826 PM]: Connection[id: 38b502ec-3ae6-496c-b77e-60658ad3c909] - connection object created successfully."}
{"level":"INFO","message":"[7:26:00.827 PM]: Connection[id: 38b502ec-3ae6-496c-b77e-60658ad3c909] - connecting. Associated Snowflake domain: GLOBAL"}
{"level":"INFO","message":"[7:26:00.829 PM]: Connection[id: 38b502ec-3ae6-496c-b77e-60658ad3c909] - authentication successful using: SNOWFLAKE"}
{"level":"INFO","message":"[7:26:00.831 PM]: Connection[id: 38b502ec-3ae6-496c-b77e-60658ad3c909] - connected successfully after 3.563299999999799 milliseconds"}
{"level":"INFO","message":"[7:32:32.605 PM]: Creating new connection object"}
{"level":"INFO","message":"[7:32:32.655 PM]: Creating Connection[id: 92b02a43-e28b-4b4e-b9cd-6d4f8440e983] with host: pxtuyut.snowflakecomputing.com, account: pxtuyut, accessUrl: https://pxtuyut.snowflakecomputing.com, user: VijayaReact, password is provided, role: ACCOUNTADMIN, database: EDW, schema: SC_EDW, warehouse: EDW_WH, region: undefined, authenticator: SNOWFLAKE, ocsp mode: FAIL_OPEN, os: win32, os version: 10.0.26100"}
{"level":"INFO","message":"[7:32:32.658 PM]: Connection[id: 92b02a43-e28b-4b4e-b9cd-6d4f8440e983] additional details: passcode in password is provided, passcode is not provided, private key is not provided, application: undefined, client name: snowflake-sdk, client version: 1.15.0, retry timeout: 300, private key path: undefined, private key pass is not provided, client store temporary credential: false, browser response timeout: 120000"}
{"level":"INFO","message":"[7:32:32.661 PM]: Connection[id: 92b02a43-e28b-4b4e-b9cd-6d4f8440e983] - connection object created successfully."}
{"level":"INFO","message":"[7:32:32.665 PM]: Connection[id: 92b02a43-e28b-4b4e-b9cd-6d4f8440e983] - connecting. Associated Snowflake domain: GLOBAL"}
{"level":"INFO","message":"[7:32:32.673 PM]: Connection[id: 92b02a43-e28b-4b4e-b9cd-6d4f8440e983] - authentication successful using: SNOWFLAKE"}
{"level":"INFO","message":"[7:32:32.677 PM]: Trying to initialize Easy Logging"}
{"level":"INFO","message":"[7:32:32.701 PM]: No client config detected."}
{"level":"INFO","message":"[7:32:32.703 PM]: No config file path found. Client config will not be used."}
{"level":"INFO","message":"[7:32:32.707 PM]: Easy Logging is disabled as no config has been found"}
{"level":"INFO","message":"[7:32:32.760 PM]: Connection[id: 92b02a43-e28b-4b4e-b9cd-6d4f8440e983] - connected successfully after 95.80270000000019 milliseconds"}
{"level":"INFO","message":"[7:46:07.525 PM]: Creating new connection object"}
{"level":"INFO","message":"[7:46:07.545 PM]: Creating Connection[id: 6e3fd16e-5d5e-48f0-b29f-45575f13089c] with host: pxtuyut.snowflakecomputing.com, account: pxtuyut, accessUrl: https://pxtuyut.snowflakecomputing.com, user: VijayaReact, password is provided, role: ACCOUNTADMIN, database: EDW, schema: SC_EDW, warehouse: EDW_WH, region: undefined, authenticator: SNOWFLAKE, ocsp mode: FAIL_OPEN, os: win32, os version: 10.0.26100"}
{"level":"INFO","message":"[7:46:07.560 PM]: Connection[id: 6e3fd16e-5d5e-48f0-b29f-45575f13089c] additional details: passcode in password is provided, passcode is not provided, private key is not provided, application: undefined, client name: snowflake-sdk, client version: 1.15.0, retry timeout: 300, private key path: undefined, private key pass is not provided, client store temporary credential: false, browser response timeout: 120000"}
{"level":"INFO","message":"[7:46:07.569 PM]: Connection[id: 6e3fd16e-5d5e-48f0-b29f-45575f13089c] - connection object created successfully."}
{"level":"INFO","message":"[7:46:07.574 PM]: Connection[id: 6e3fd16e-5d5e-48f0-b29f-45575f13089c] - connecting. Associated Snowflake domain: GLOBAL"}
{"level":"INFO","message":"[7:46:07.578 PM]: Connection[id: 6e3fd16e-5d5e-48f0-b29f-45575f13089c] - authentication successful using: SNOWFLAKE"}
{"level":"INFO","message":"[7:46:07.581 PM]: Connection[id: 6e3fd16e-5d5e-48f0-b29f-45575f13089c] - connected successfully after 8.086000000010245 milliseconds"}
{"level":"INFO","message":"[7:46:53.071 PM]: Creating new connection object"}
{"level":"INFO","message":"[7:46:53.103 PM]: Creating Connection[id: 68f25ebe-927e-424e-ad1d-e7705a61f632] with host: pxtuyut-ng91230.snowflakecomputing.com, account: pxtuyut-ng91230, accessUrl: https://pxtuyut-ng91230.snowflakecomputing.com, user: VijayaReact, password is provided, role: ACCOUNTADMIN, database: EDW, schema: SC_EDW, warehouse: EDW_WH, region: undefined, authenticator: SNOWFLAKE, ocsp mode: FAIL_OPEN, os: win32, os version: 10.0.26100"}
{"level":"INFO","message":"[7:46:53.104 PM]: Connection[id: 68f25ebe-927e-424e-ad1d-e7705a61f632] additional details: passcode in password is provided, passcode is not provided, private key is not provided, application: undefined, client name: snowflake-sdk, client version: 1.15.0, retry timeout: 300, private key path: undefined, private key pass is not provided, client store temporary credential: false, browser response timeout: 120000"}
{"level":"INFO","message":"[7:46:53.105 PM]: Connection[id: 68f25ebe-927e-424e-ad1d-e7705a61f632] - connection object created successfully."}
{"level":"INFO","message":"[7:46:53.106 PM]: Connection[id: 68f25ebe-927e-424e-ad1d-e7705a61f632] - connecting. Associated Snowflake domain: GLOBAL"}
{"level":"INFO","message":"[7:46:53.109 PM]: Connection[id: 68f25ebe-927e-424e-ad1d-e7705a61f632] - authentication successful using: SNOWFLAKE"}
{"level":"INFO","message":"[7:46:53.110 PM]: Trying to initialize Easy Logging"}
{"level":"INFO","message":"[7:46:53.119 PM]: No client config detected."}
{"level":"INFO","message":"[7:46:53.120 PM]: No config file path found. Client config will not be used."}
{"level":"INFO","message":"[7:46:53.121 PM]: Easy Logging is disabled as no config has been found"}
{"level":"INFO","message":"[7:46:53.126 PM]: Connection[id: 68f25ebe-927e-424e-ad1d-e7705a61f632] - connected successfully after 19.295399999999063 milliseconds"}
{"level":"INFO","message":"[7:52:31.915 PM]: Creating new connection object"}
{"level":"INFO","message":"[7:52:31.938 PM]: Creating Connection[id: 5aedd04c-7d13-44ca-97a1-b809e6646a4b] with host: pxtuyut-ng91230.snowflakecomputing.com, account: pxtuyut-ng91230, accessUrl: https://pxtuyut-ng91230.snowflakecomputing.com, user: VijayaReact, password is provided, role: ACCOUNTADMIN, database: EDW, schema: SC_EDW, warehouse: EDW_WH, region: undefined, authenticator: SNOWFLAKE, ocsp mode: FAIL_OPEN, os: win32, os version: 10.0.26100"}
{"level":"INFO","message":"[7:52:31.939 PM]: Connection[id: 5aedd04c-7d13-44ca-97a1-b809e6646a4b] additional details: passcode in password is provided, passcode is not provided, private key is not provided, application: undefined, client name: snowflake-sdk, client version: 1.15.0, retry timeout: 300, private key path: undefined, private key pass is not provided, client store temporary credential: false, browser response timeout: 120000"}
{"level":"INFO","message":"[7:52:31.940 PM]: Connection[id: 5aedd04c-7d13-44ca-97a1-b809e6646a4b] - connection object created successfully."}
{"level":"INFO","message":"[7:52:31.941 PM]: Connection[id: 5aedd04c-7d13-44ca-97a1-b809e6646a4b] - connecting. Associated Snowflake domain: GLOBAL"}
{"level":"INFO","message":"[7:52:31.944 PM]: Connection[id: 5aedd04c-7d13-44ca-97a1-b809e6646a4b] - authentication successful using: SNOWFLAKE"}
{"level":"INFO","message":"[7:52:31.944 PM]: Trying to initialize Easy Logging"}
{"level":"INFO","message":"[7:52:31.948 PM]: No client config detected."}
{"level":"INFO","message":"[7:52:31.949 PM]: No config file path found. Client config will not be used."}
{"level":"INFO","message":"[7:52:31.950 PM]: Easy Logging is disabled as no config has been found"}
{"level":"INFO","message":"[7:52:31.954 PM]: Connection[id: 5aedd04c-7d13-44ca-97a1-b809e6646a4b] - connected successfully after 13.10820000000058 milliseconds"}
{"level":"INFO","message":"[8:17:16.920 PM]: Creating new connection object"}
{"level":"INFO","message":"[8:17:16.941 PM]: Creating Connection[id: a0cdabe6-9e1a-4da8-bea8-156e859f0838] with host: pxtuyut-ng91230.snowflakecomputing.com, account: pxtuyut-ng91230, accessUrl: https://pxtuyut-ng91230.snowflakecomputing.com, user: VijayaReact, password is provided, role: ACCOUNTADMIN, database: EDW, schema: SC_EDW, warehouse: EDW_WH, region: undefined, authenticator: SNOWFLAKE, ocsp mode: FAIL_OPEN, os: win32, os version: 10.0.26100"}
{"level":"INFO","message":"[8:17:16.942 PM]: Connection[id: a0cdabe6-9e1a-4da8-bea8-156e859f0838] additional details: passcode in password is provided, passcode is not provided, private key is not provided, application: undefined, client name: snowflake-sdk, client version: 1.15.0, retry timeout: 300, private key path: undefined, private key pass is not provided, client store temporary credential: false, browser response timeout: 120000"}
{"level":"INFO","message":"[8:17:16.943 PM]: Connection[id: a0cdabe6-9e1a-4da8-bea8-156e859f0838] - connection object created successfully."}
{"level":"INFO","message":"[8:17:16.944 PM]: Connection[id: a0cdabe6-9e1a-4da8-bea8-156e859f0838] - connecting. Associated Snowflake domain: GLOBAL"}
{"level":"INFO","message":"[8:17:16.946 PM]: Connection[id: a0cdabe6-9e1a-4da8-bea8-156e859f0838] - authentication successful using: SNOWFLAKE"}
{"level":"INFO","message":"[8:17:16.947 PM]: Trying to initialize Easy Logging"}
{"level":"INFO","message":"[8:17:16.951 PM]: No client config detected."}
{"level":"INFO","message":"[8:17:16.952 PM]: No config file path found. Client config will not be used."}
{"level":"INFO","message":"[8:17:16.954 PM]: Easy Logging is disabled as no config has been found"}
{"level":"INFO","message":"[8:17:16.968 PM]: Connection[id: a0cdabe6-9e1a-4da8-bea8-156e859f0838] - connected successfully after 24.210300000000643 milliseconds"}
{"level":"INFO","message":"[8:17:29.747 PM]: Creating new connection object"}
{"level":"INFO","message":"[8:17:29.768 PM]: Creating Connection[id: 291819fa-3ca4-471f-85a0-86a683a5cd9b] with host: pxtuyut-ng91230.snowflakecomputing.com, account: pxtuyut-ng91230, accessUrl: https://pxtuyut-ng91230.snowflakecomputing.com, user: VijayaReact, password is provided, role: ACCOUNTADMIN, database: EDW, schema: SC_EDW, warehouse: EDW_WH, region: undefined, authenticator: SNOWFLAKE, ocsp mode: FAIL_OPEN, os: win32, os version: 10.0.26100"}
{"level":"INFO","message":"[8:17:29.770 PM]: Connection[id: 291819fa-3ca4-471f-85a0-86a683a5cd9b] additional details: passcode in password is provided, passcode is not provided, private key is not provided, application: undefined, client name: snowflake-sdk, client version: 1.15.0, retry timeout: 300, private key path: undefined, private key pass is not provided, client store temporary credential: false, browser response timeout: 120000"}
{"level":"INFO","message":"[8:17:29.771 PM]: Connection[id: 291819fa-3ca4-471f-85a0-86a683a5cd9b] - connection object created successfully."}
{"level":"INFO","message":"[8:17:29.772 PM]: Connection[id: 291819fa-3ca4-471f-85a0-86a683a5cd9b] - connecting. Associated Snowflake domain: GLOBAL"}
{"level":"INFO","message":"[8:17:29.775 PM]: Connection[id: 291819fa-3ca4-471f-85a0-86a683a5cd9b] - authentication successful using: SNOWFLAKE"}
{"level":"INFO","message":"[8:17:29.776 PM]: Trying to initialize Easy Logging"}
{"level":"INFO","message":"[8:17:29.779 PM]: No client config detected."}
{"level":"INFO","message":"[8:17:29.780 PM]: No config file path found. Client config will not be used."}
{"level":"INFO","message":"[8:17:29.781 PM]: Easy Logging is disabled as no config has been found"}
{"level":"INFO","message":"[8:17:29.787 PM]: Connection[id: 291819fa-3ca4-471f-85a0-86a683a5cd9b] - connected successfully after 14.310000000000173 milliseconds"}
{"level":"INFO","message":"[11:38:08.224 PM]: Creating new connection object"}
{"level":"INFO","message":"[11:38:08.235 PM]: Creating Connection[id: 922094d2-f9e2-4d75-b2a7-318913a5a6ab] with host: pxtuyut-ng91230.snowflakecomputing.com, account: pxtuyut-ng91230, accessUrl: https://pxtuyut-ng91230.snowflakecomputing.com, user: VijayaReact, password is provided, role: ACCOUNTADMIN, database: EDW, schema: SC_EDW, warehouse: EDW_WH, region: undefined, authenticator: SNOWFLAKE, ocsp mode: FAIL_OPEN, os: win32, os version: 10.0.26100"}
{"level":"INFO","message":"[11:38:08.235 PM]: Connection[id: 922094d2-f9e2-4d75-b2a7-318913a5a6ab] additional details: passcode in password is provided, passcode is not provided, private key is not provided, application: undefined, client name: snowflake-sdk, client version: 1.15.0, retry timeout: 300, private key path: undefined, private key pass is not provided, client store temporary credential: false, browser response timeout: 120000"}
{"level":"INFO","message":"[11:38:08.237 PM]: Connection[id: 922094d2-f9e2-4d75-b2a7-318913a5a6ab] - connection object created successfully."}
{"level":"INFO","message":"[11:38:08.238 PM]: Connection[id: 922094d2-f9e2-4d75-b2a7-318913a5a6ab] - connecting. Associated Snowflake domain: GLOBAL"}
{"level":"INFO","message":"[11:38:08.240 PM]: Connection[id: 922094d2-f9e2-4d75-b2a7-318913a5a6ab] - authentication successful using: SNOWFLAKE"}
{"level":"INFO","message":"[11:38:08.243 PM]: Connection[id: 922094d2-f9e2-4d75-b2a7-318913a5a6ab] - connected successfully after 5.173599999397993 milliseconds"}
{"level":"INFO","message":"[11:38:19.014 PM]: Creating new connection object"}
{"level":"INFO","message":"[11:38:19.015 PM]: Creating Connection[id: 1393fc65-b868-43fe-9222-1457c6af953f] with host: pxtuyut-ng91230.snowflakecomputing.com, account: pxtuyut-ng91230, accessUrl: https://pxtuyut-ng91230.snowflakecomputing.com, user: VijayaReact, password is provided, role: ACCOUNTADMIN, database: EDW, schema: SC_EDW, warehouse: EDW_WH, region: undefined, authenticator: SNOWFLAKE, ocsp mode: FAIL_OPEN, os: win32, os version: 10.0.26100"}
{"level":"INFO","message":"[11:38:19.016 PM]: Connection[id: 1393fc65-b868-43fe-9222-1457c6af953f] additional details: passcode in password is provided, passcode is not provided, private key is not provided, application: undefined, client name: snowflake-sdk, client version: 1.15.0, retry timeout: 300, private key path: undefined, private key pass is not provided, client store temporary credential: false, browser response timeout: 120000"}
{"level":"INFO","message":"[11:38:19.017 PM]: Connection[id: 1393fc65-b868-43fe-9222-1457c6af953f] - connection object created successfully."}
{"level":"INFO","message":"[11:38:19.017 PM]: Connection[id: 1393fc65-b868-43fe-9222-1457c6af953f] - connecting. Associated Snowflake domain: GLOBAL"}
{"level":"INFO","message":"[11:38:19.018 PM]: Connection[id: 1393fc65-b868-43fe-9222-1457c6af953f] - authentication successful using: SNOWFLAKE"}
{"level":"INFO","message":"[11:38:19.019 PM]: Connection[id: 1393fc65-b868-43fe-9222-1457c6af953f] - connected successfully after 1.4712000004947186 milliseconds"}
{"level":"INFO","message":"[11:40:49.890 PM]: Creating new connection object"}
{"level":"INFO","message":"[11:40:49.892 PM]: Creating Connection[id: f47a6ab6-37b2-47ec-9720-270b90da9263] with host: pxtuyut-ng91230.snowflakecomputing.com, account: pxtuyut-ng91230, accessUrl: https://pxtuyut-ng91230.snowflakecomputing.com, user: VijayaReact, password is provided, role: ACCOUNTADMIN, database: EDW, schema: SC_EDW, warehouse: EDW_WH, region: undefined, authenticator: SNOWFLAKE, ocsp mode: FAIL_OPEN, os: win32, os version: 10.0.26100"}
{"level":"INFO","message":"[11:40:49.892 PM]: Connection[id: f47a6ab6-37b2-47ec-9720-270b90da9263] additional details: passcode in password is provided, passcode is not provided, private key is not provided, application: undefined, client name: snowflake-sdk, client version: 1.15.0, retry timeout: 300, private key path: undefined, private key pass is not provided, client store temporary credential: false, browser response timeout: 120000"}
{"level":"INFO","message":"[11:40:49.893 PM]: Connection[id: f47a6ab6-37b2-47ec-9720-270b90da9263] - connection object created successfully."}
{"level":"INFO","message":"[11:40:49.894 PM]: Connection[id: f47a6ab6-37b2-47ec-9720-270b90da9263] - connecting. Associated Snowflake domain: GLOBAL"}
{"level":"INFO","message":"[11:40:49.895 PM]: Connection[id: f47a6ab6-37b2-47ec-9720-270b90da9263] - authentication successful using: SNOWFLAKE"}
{"level":"INFO","message":"[11:40:49.897 PM]: Connection[id: f47a6ab6-37b2-47ec-9720-270b90da9263] - connected successfully after 2.456999998539686 milliseconds"}
{"level":"INFO","message":"[11:40:56.397 PM]: Creating new connection object"}
{"level":"INFO","message":"[11:40:56.399 PM]: Creating Connection[id: 82d4a6d8-fc29-40cc-a442-59993795c434] with host: pxtuyut-ng91230.snowflakecomputing.com, account: pxtuyut-ng91230, accessUrl: https://pxtuyut-ng91230.snowflakecomputing.com, user: VijayaReact, password is provided, role: ACCOUNTADMIN, database: EDW, schema: SC_EDW, warehouse: EDW_WH, region: undefined, authenticator: SNOWFLAKE, ocsp mode: FAIL_OPEN, os: win32, os version: 10.0.26100"}
{"level":"INFO","message":"[11:40:56.400 PM]: Connection[id: 82d4a6d8-fc29-40cc-a442-59993795c434] additional details: passcode in password is provided, passcode is not provided, private key is not provided, application: undefined, client name: snowflake-sdk, client version: 1.15.0, retry timeout: 300, private key path: undefined, private key pass is not provided, client store temporary credential: false, browser response timeout: 120000"}
{"level":"INFO","message":"[11:40:56.401 PM]: Connection[id: 82d4a6d8-fc29-40cc-a442-59993795c434] - connection object created successfully."}
{"level":"INFO","message":"[11:40:56.402 PM]: Connection[id: 82d4a6d8-fc29-40cc-a442-59993795c434] - connecting. Associated Snowflake domain: GLOBAL"}
{"level":"INFO","message":"[11:40:56.412 PM]: Connection[id: 82d4a6d8-fc29-40cc-a442-59993795c434] - authentication successful using: SNOWFLAKE"}
{"level":"INFO","message":"[11:40:56.420 PM]: Connection[id: 82d4a6d8-fc29-40cc-a442-59993795c434] - connected successfully after 18.00160000100732 milliseconds"}
{"level":"INFO","message":"[11:42:14.104 PM]: Creating new connection object"}
{"level":"INFO","message":"[11:42:14.106 PM]: Creating Connection[id: f60c0149-ecd2-47a8-aee8-6100e415a4d5] with host: pxtuyut-ng91230.snowflakecomputing.com, account: pxtuyut-ng91230, accessUrl: https://pxtuyut-ng91230.snowflakecomputing.com, user: VijayaReact, password is provided, role: ACCOUNTADMIN, database: EDW, schema: SC_EDW, warehouse: EDW_WH, region: undefined, authenticator: SNOWFLAKE, ocsp mode: FAIL_OPEN, os: win32, os version: 10.0.26100"}
{"level":"INFO","message":"[11:42:14.107 PM]: Connection[id: f60c0149-ecd2-47a8-aee8-6100e415a4d5] additional details: passcode in password is provided, passcode is not provided, private key is not provided, application: undefined, client name: snowflake-sdk, client version: 1.15.0, retry timeout: 300, private key path: undefined, private key pass is not provided, client store temporary credential: false, browser response timeout: 120000"}
{"level":"INFO","message":"[11:42:14.107 PM]: Connection[id: f60c0149-ecd2-47a8-aee8-6100e415a4d5] - connection object created successfully."}
{"level":"INFO","message":"[11:42:14.108 PM]: Connection[id: f60c0149-ecd2-47a8-aee8-6100e415a4d5] - connecting. Associated Snowflake domain: GLOBAL"}
{"level":"INFO","message":"[11:42:14.108 PM]: Connection[id: f60c0149-ecd2-47a8-aee8-6100e415a4d5] - authentication successful using: SNOWFLAKE"}
{"level":"INFO","message":"[11:42:14.109 PM]: Connection[id: f60c0149-ecd2-47a8-aee8-6100e415a4d5] - connected successfully after 1.5797000005841255 milliseconds"}
{"level":"INFO","message":"[11:42:20.435 PM]: Creating new connection object"}
{"level":"INFO","message":"[11:42:20.436 PM]: Creating Connection[id: 4c4c0e3c-b40f-48d5-8aa5-5e8300be608b] with host: pxtuyut-ng91230.snowflakecomputing.com, account: pxtuyut-ng91230, accessUrl: https://pxtuyut-ng91230.snowflakecomputing.com, user: VijayaReact, password is provided, role: ACCOUNTADMIN, database: EDW, schema: SC_EDW, warehouse: EDW_WH, region: undefined, authenticator: SNOWFLAKE, ocsp mode: FAIL_OPEN, os: win32, os version: 10.0.26100"}
{"level":"INFO","message":"[11:42:20.437 PM]: Connection[id: 4c4c0e3c-b40f-48d5-8aa5-5e8300be608b] additional details: passcode in password is provided, passcode is not provided, private key is not provided, application: undefined, client name: snowflake-sdk, client version: 1.15.0, retry timeout: 300, private key path: undefined, private key pass is not provided, client store temporary credential: false, browser response timeout: 120000"}
{"level":"INFO","message":"[11:42:20.437 PM]: Connection[id: 4c4c0e3c-b40f-48d5-8aa5-5e8300be608b] - connection object created successfully."}
{"level":"INFO","message":"[11:42:20.437 PM]: Connection[id: 4c4c0e3c-b40f-48d5-8aa5-5e8300be608b] - connecting. Associated Snowflake domain: GLOBAL"}
{"level":"INFO","message":"[11:42:20.438 PM]: Connection[id: 4c4c0e3c-b40f-48d5-8aa5-5e8300be608b] - authentication successful using: SNOWFLAKE"}
{"level":"INFO","message":"[11:42:20.439 PM]: Connection[id: 4c4c0e3c-b40f-48d5-8aa5-5e8300be608b] - connected successfully after 1.3578000012785196 milliseconds"}
{"level":"INFO","message":"[11:43:36.796 PM]: Creating new connection object"}
{"level":"INFO","message":"[11:43:36.798 PM]: Creating Connection[id: e3aef456-9d0e-48ee-b8bd-6da3c8b8fd5a] with host: pxtuyut-ng91230.snowflakecomputing.com, account: pxtuyut-ng91230, accessUrl: https://pxtuyut-ng91230.snowflakecomputing.com, user: VijayaReact, password is provided, role: ACCOUNTADMIN, database: EDW, schema: SC_EDW, warehouse: EDW_WH, region: undefined, authenticator: SNOWFLAKE, ocsp mode: FAIL_OPEN, os: win32, os version: 10.0.26100"}
{"level":"INFO","message":"[11:43:36.799 PM]: Connection[id: e3aef456-9d0e-48ee-b8bd-6da3c8b8fd5a] additional details: passcode in password is provided, passcode is not provided, private key is not provided, application: undefined, client name: snowflake-sdk, client version: 1.15.0, retry timeout: 300, private key path: undefined, private key pass is not provided, client store temporary credential: false, browser response timeout: 120000"}
{"level":"INFO","message":"[11:43:36.799 PM]: Connection[id: e3aef456-9d0e-48ee-b8bd-6da3c8b8fd5a] - connection object created successfully."}
{"level":"INFO","message":"[11:43:36.800 PM]: Connection[id: e3aef456-9d0e-48ee-b8bd-6da3c8b8fd5a] - connecting. Associated Snowflake domain: GLOBAL"}
{"level":"INFO","message":"[11:43:36.802 PM]: Connection[id: e3aef456-9d0e-48ee-b8bd-6da3c8b8fd5a] - authentication successful using: SNOWFLAKE"}
{"level":"INFO","message":"[11:43:36.803 PM]: Connection[id: e3aef456-9d0e-48ee-b8bd-6da3c8b8fd5a] - connected successfully after 2.8479999992996454 milliseconds"}
{"level":"INFO","message":"[11:54:38.067 PM]: Creating new connection object"}
{"level":"INFO","message":"[11:54:38.146 PM]: Creating Connection[id: 9681d240-0308-4989-97ec-4f1f4701370e] with host: pxtuyut-ng91230.snowflakecomputing.com, account: pxtuyut-ng91230, accessUrl: https://pxtuyut-ng91230.snowflakecomputing.com, user: VijayaReact, password is provided, role: ACCOUNTADMIN, database: EDW, schema: SC_EDW, warehouse: EDW_WH, region: undefined, authenticator: SNOWFLAKE, ocsp mode: FAIL_OPEN, os: win32, os version: 10.0.26100"}
{"level":"INFO","message":"[11:54:38.149 PM]: Connection[id: 9681d240-0308-4989-97ec-4f1f4701370e] additional details: passcode in password is provided, passcode is not provided, private key is not provided, application: undefined, client name: snowflake-sdk, client version: 1.15.0, retry timeout: 300, private key path: undefined, private key pass is not provided, client store temporary credential: false, browser response timeout: 120000"}
{"level":"INFO","message":"[11:54:38.151 PM]: Connection[id: 9681d240-0308-4989-97ec-4f1f4701370e] - connection object created successfully."}
{"level":"INFO","message":"[11:54:38.154 PM]: Connection[id: 9681d240-0308-4989-97ec-4f1f4701370e] - connecting. Associated Snowflake domain: GLOBAL"}
{"level":"INFO","message":"[11:54:38.158 PM]: Connection[id: 9681d240-0308-4989-97ec-4f1f4701370e] - authentication successful using: SNOWFLAKE"}
{"level":"INFO","message":"[11:54:38.161 PM]: Trying to initialize Easy Logging"}
{"level":"INFO","message":"[11:54:38.171 PM]: No client config detected."}
{"level":"INFO","message":"[11:54:38.172 PM]: No config file path found. Client config will not be used."}
{"level":"INFO","message":"[11:54:38.174 PM]: Easy Logging is disabled as no config has been found"}
{"level":"INFO","message":"[11:54:38.182 PM]: Connection[id: 9681d240-0308-4989-97ec-4f1f4701370e] - connected successfully after 27.556900000003225 milliseconds"}
{"level":"INFO","message":"[11:54:48.224 PM]: Creating new connection object"}
{"level":"INFO","message":"[11:54:48.226 PM]: Creating Connection[id: f7593492-8dd0-402f-9c02-bfa86754defc] with host: pxtuyut-ng91230.snowflakecomputing.com, account: pxtuyut-ng91230, accessUrl: https://pxtuyut-ng91230.snowflakecomputing.com, user: VijayaReact, password is provided, role: ACCOUNTADMIN, database: EDW, schema: SC_EDW, warehouse: EDW_WH, region: undefined, authenticator: SNOWFLAKE, ocsp mode: FAIL_OPEN, os: win32, os version: 10.0.26100"}
{"level":"INFO","message":"[11:54:48.227 PM]: Connection[id: f7593492-8dd0-402f-9c02-bfa86754defc] additional details: passcode in password is provided, passcode is not provided, private key is not provided, application: undefined, client name: snowflake-sdk, client version: 1.15.0, retry timeout: 300, private key path: undefined, private key pass is not provided, client store temporary credential: false, browser response timeout: 120000"}
{"level":"INFO","message":"[11:54:48.227 PM]: Connection[id: f7593492-8dd0-402f-9c02-bfa86754defc] - connection object created successfully."}
{"level":"INFO","message":"[11:54:48.228 PM]: Connection[id: f7593492-8dd0-402f-9c02-bfa86754defc] - connecting. Associated Snowflake domain: GLOBAL"}
{"level":"INFO","message":"[11:54:48.229 PM]: Connection[id: f7593492-8dd0-402f-9c02-bfa86754defc] - authentication successful using: SNOWFLAKE"}
{"level":"INFO","message":"[11:54:48.230 PM]: Connection[id: f7593492-8dd0-402f-9c02-bfa86754defc] - connected successfully after 2.0515999999988708 milliseconds"}
{"level":"INFO","message":"[12:04:40.780 AM]: Creating new connection object"}
{"level":"INFO","message":"[12:04:40.782 AM]: Creating Connection[id: c83cfbd4-10f4-4566-8736-d61004da8aaf] with host: pxtuyut-ng91230.snowflakecomputing.com, account: pxtuyut-ng91230, accessUrl: https://pxtuyut-ng91230.snowflakecomputing.com, user: VijayaReact, password is provided, role: ACCOUNTADMIN, database: EDW, schema: SC_EDW, warehouse: EDW_WH, region: undefined, authenticator: SNOWFLAKE, ocsp mode: FAIL_OPEN, os: win32, os version: 10.0.26100"}
{"level":"INFO","message":"[12:04:40.783 AM]: Connection[id: c83cfbd4-10f4-4566-8736-d61004da8aaf] additional details: passcode in password is provided, passcode is not provided, private key is not provided, application: undefined, client name: snowflake-sdk, client version: 1.15.0, retry timeout: 300, private key path: undefined, private key pass is not provided, client store temporary credential: false, browser response timeout: 120000"}
{"level":"INFO","message":"[12:04:40.784 AM]: Connection[id: c83cfbd4-10f4-4566-8736-d61004da8aaf] - connection object created successfully."}
{"level":"INFO","message":"[12:04:40.785 AM]: Connection[id: c83cfbd4-10f4-4566-8736-d61004da8aaf] - connecting. Associated Snowflake domain: GLOBAL"}
{"level":"INFO","message":"[12:04:40.786 AM]: Connection[id: c83cfbd4-10f4-4566-8736-d61004da8aaf] - authentication successful using: SNOWFLAKE"}
{"level":"INFO","message":"[12:04:40.787 AM]: Connection[id: c83cfbd4-10f4-4566-8736-d61004da8aaf] - connected successfully after 2.4375 milliseconds"}
